<?xml version="1.0" encoding="UTF-8"?>
<testng-results ignored="0" total="1" passed="1" failed="0" skipped="0">
  <reporter-output>
  </reporter-output>
  <suite started-at="2019-08-20T10:53:27Z" name="Default suite" finished-at="2019-08-20T10:54:07Z" duration-ms="39702">
    <groups>
    </groups>
    <test started-at="2019-08-20T10:53:27Z" name="Default test" finished-at="2019-08-20T10:54:07Z" duration-ms="39702">
      <class name="com.testyantra.NewMavenProject.BlueStone">
        <test-method signature="TakeScreenShot()[pri:0, instance:com.testyantra.NewMavenProject.BlueStone@1f1c7bf6]" started-at="2019-08-20T10:53:27Z" name="TakeScreenShot" finished-at="2019-08-20T10:54:07Z" duration-ms="39640" status="PASS">
          <reporter-output>
          </reporter-output>
        </test-method> <!-- TakeScreenShot -->
      </class> <!-- com.testyantra.NewMavenProject.BlueStone -->
    </test> <!-- Default test -->
  </suite> <!-- Default suite -->
</testng-results>
